<?xml version="1.0" encoding="UTF-8"?>
<!-- Generated by org.testng.reporters.JUnitReportReporter -->
<testsuite skipped="0" hostname="DESKTOP-1V5OVE0" name="org.project.ProjectDayOne" tests="1" failures="0" timestamp="15 Sep 2020 19:22:21 GMT" time="8.082" errors="0">
  <testcase name="AscendingOrder" time="8.082" classname="org.project.ProjectDayOne"/>
</testsuite> <!-- org.project.ProjectDayOne -->
